# JRE version: Java(TM) SE Runtime Environment (17.0.11+7) (build 17.0.11+7-LTS-207)
# Java VM: Java HotSpot(TM) 64-Bit Server VM (17.0.11+7-LTS-207, mixed mode, sharing, tiered, compressed oops, compressed class ptrs, g1 gc, windows-amd64)
GC Precious Log:
 CPUs: 4 total, 4 available
 Memory: 4010M
 Large Page Support: Disabled
 NUMA Support: Disabled
 Compressed Oops: Enabled (32-bit)
 Heap Region Size: 1M
 Heap Min Capacity: 8M
 Heap Initial Capacity: 64M
 Heap Max Capacity: 1536M
 Pre-touch: Disabled
 Parallel Workers: 4
 Concurrent Workers: 1
 Concurrent Refinement Workers: 4
 Periodic GC: Disabled
Heap:
 garbage-first heap   total 235520K, used 105800K [0x00000000a0000000, 0x0000000100000000)
  region size 1024K, 5 young (5120K), 5 survivors (5120K)
 Metaspace       used 88378K, committed 89088K, reserved 1179648K
  class space    used 12177K, committed 12544K, reserved 1048576K
GC Heap History (20 events):
Event: 68.775 GC heap after
{Heap after GC invocations=38 (full 0):
 garbage-first heap   total 117760K, used 67913K [0x00000000a0000000, 0x0000000100000000)
  region size 1024K, 1 young (1024K), 1 survivors (1024K)
 Metaspace       used 55575K, committed 56064K, reserved 1114112K
  class space    used 7525K, committed 7744K, reserved 1048576K
}
Event: 69.194 GC heap before
{Heap before GC invocations=38 (full 0):
 garbage-first heap   total 117760K, used 70985K [0x00000000a0000000, 0x0000000100000000)
  region size 1024K, 5 young (5120K), 1 survivors (1024K)
 Metaspace       used 56041K, committed 56576K, reserved 1114112K
  class space    used 7572K, committed 7808K, reserved 1048576K
}
Event: 69.199 GC heap after
{Heap after GC invocations=39 (full 0):
 garbage-first heap   total 117760K, used 67241K [0x00000000a0000000, 0x0000000100000000)
  region size 1024K, 1 young (1024K), 1 survivors (1024K)
 Metaspace       used 56041K, committed 56576K, reserved 1114112K
  class space    used 7572K, committed 7808K, reserved 1048576K
}
Event: 70.438 GC heap before
{Heap before GC invocations=39 (full 0):
 garbage-first heap   total 117760K, used 87721K [0x00000000a0000000, 0x0000000100000000)
  region size 1024K, 22 young (22528K), 1 survivors (1024K)
 Metaspace       used 58140K, committed 58688K, reserved 1114112K
  class space    used 7797K, committed 8064K, reserved 1048576K
}
Event: 70.459 GC heap after
{Heap after GC invocations=40 (full 0):
 garbage-first heap   total 235520K, used 67813K [0x00000000a0000000, 0x0000000100000000)
  region size 1024K, 1 young (1024K), 1 survivors (1024K)
 Metaspace       used 58140K, committed 58688K, reserved 1114112K
  class space    used 7797K, committed 8064K, reserved 1048576K
}
Event: 75.779 GC heap before
{Heap before GC invocations=41 (full 0):
 garbage-first heap   total 235520K, used 159973K [0x00000000a0000000, 0x0000000100000000)
  region size 1024K, 85 young (87040K), 1 survivors (1024K)
 Metaspace       used 63784K, committed 64384K, reserved 1114112K
  class space    used 8600K, committed 8896K, reserved 1048576K
}
Event: 75.805 GC heap after
{Heap after GC invocations=42 (full 0):
 garbage-first heap   total 235520K, used 74290K [0x00000000a0000000, 0x0000000100000000)
  region size 1024K, 8 young (8192K), 8 survivors (8192K)
 Metaspace       used 63784K, committed 64384K, reserved 1114112K
  class space    used 8600K, committed 8896K, reserved 1048576K
}
Event: 75.897 GC heap before
{Heap before GC invocations=42 (full 0):
 garbage-first heap   total 235520K, used 77362K [0x00000000a0000000, 0x0000000100000000)
  region size 1024K, 11 young (11264K), 8 survivors (8192K)
 Metaspace       used 64006K, committed 64576K, reserved 1114112K
  class space    used 8632K, committed 8896K, reserved 1048576K
}
Event: 75.921 GC heap after
{Heap after GC invocations=43 (full 0):
 garbage-first heap   total 235520K, used 74481K [0x00000000a0000000, 0x0000000100000000)
  region size 1024K, 1 young (1024K), 1 survivors (1024K)
 Metaspace       used 64006K, committed 64576K, reserved 1114112K
  class space    used 8632K, committed 8896K, reserved 1048576K
}
Event: 79.720 GC heap before
{Heap before GC invocations=43 (full 0):
 garbage-first heap   total 235520K, used 179953K [0x00000000a0000000, 0x0000000100000000)
  region size 1024K, 100 young (102400K), 1 survivors (1024K)
 Metaspace       used 70721K, committed 71360K, reserved 1114112K
  class space    used 9511K, committed 9792K, reserved 1048576K
}
Event: 79.773 GC heap after
{Heap after GC invocations=44 (full 0):
 garbage-first heap   total 235520K, used 83633K [0x00000000a0000000, 0x0000000100000000)
  region size 1024K, 6 young (6144K), 6 survivors (6144K)
 Metaspace       used 70721K, committed 71360K, reserved 1114112K
  class space    used 9511K, committed 9792K, reserved 1048576K
}
Event: 84.478 GC heap before
{Heap before GC invocations=44 (full 0):
 garbage-first heap   total 235520K, used 180913K [0x00000000a0000000, 0x0000000100000000)
  region size 1024K, 101 young (103424K), 6 survivors (6144K)
 Metaspace       used 77517K, committed 78144K, reserved 1179648K
  class space    used 10630K, committed 10944K, reserved 1048576K
}
Event: 84.577 GC heap after
{Heap after GC invocations=45 (full 0):
 garbage-first heap   total 235520K, used 88022K [0x00000000a0000000, 0x0000000100000000)
  region size 1024K, 11 young (11264K), 11 survivors (11264K)
 Metaspace       used 77517K, committed 78144K, reserved 1179648K
  class space    used 10630K, committed 10944K, reserved 1048576K
}
Event: 87.953 GC heap before
{Heap before GC invocations=45 (full 0):
 garbage-first heap   total 235520K, used 186326K [0x00000000a0000000, 0x0000000100000000)
  region size 1024K, 107 young (109568K), 11 survivors (11264K)
 Metaspace       used 83822K, committed 84480K, reserved 1179648K
  class space    used 11524K, committed 11840K, reserved 1048576K
}
Event: 88.296 GC heap after
{Heap after GC invocations=46 (full 0):
 garbage-first heap   total 235520K, used 94442K [0x00000000a0000000, 0x0000000100000000)
  region size 1024K, 11 young (11264K), 11 survivors (11264K)
 Metaspace       used 83822K, committed 84480K, reserved 1179648K
  class space    used 11524K, committed 11840K, reserved 1048576K
}
Event: 91.291 GC heap before
{Heap before GC invocations=46 (full 0):
 garbage-first heap   total 235520K, used 143594K [0x00000000a0000000, 0x0000000100000000)
  region size 1024K, 59 young (60416K), 11 survivors (11264K)
 Metaspace       used 87091K, committed 87808K, reserved 1179648K
  class space    used 12023K, committed 12352K, reserved 1048576K
}
Event: 91.434 GC heap after
{Heap after GC invocations=47 (full 0):
 garbage-first heap   total 235520K, used 98706K [0x00000000a0000000, 0x0000000100000000)
  region size 1024K, 5 young (5120K), 5 survivors (5120K)
 Metaspace       used 87091K, committed 87808K, reserved 1179648K
  class space    used 12023K, committed 12352K, reserved 1048576K
}
Event: 102.254 GC heap before
{Heap before GC invocations=47 (full 0):
 garbage-first heap   total 235520K, used 189842K [0x00000000a0000000, 0x0000000100000000)
  region size 1024K, 94 young (96256K), 5 survivors (5120K)
 Metaspace       used 88068K, committed 88768K, reserved 1179648K
  class space    used 12142K, committed 12480K, reserved 1048576K
}
Event: 102.519 GC heap after
{Heap after GC invocations=48 (full 0):
 garbage-first heap   total 235520K, used 103358K [0x00000000a0000000, 0x0000000100000000)
  region size 1024K, 10 young (10240K), 10 survivors (10240K)
 Metaspace       used 88068K, committed 88768K, reserved 1179648K
  class space    used 12142K, committed 12480K, reserved 1048576K
}
Event: 106.923 GC heap before
{Heap before GC invocations=48 (full 0):
 garbage-first heap   total 235520K, used 152510K [0x00000000a0000000, 0x0000000100000000)
  region size 1024K, 59 young (60416K), 10 survivors (10240K)
 Metaspace       used 88378K, committed 89088K, reserved 1179648K
  class space    used 12177K, committed 12544K, reserved 1048576K
}

