# JRE version: Java(TM) SE Runtime Environment (17.0.11+7) (build 17.0.11+7-LTS-207)
# Java VM: Java HotSpot(TM) 64-Bit Server VM (17.0.11+7-LTS-207, mixed mode, sharing, tiered, compressed oops, compressed class ptrs, g1 gc, windows-amd64)
GC Precious Log:
 CPUs: 4 total, 4 available
 Memory: 4010M
 Large Page Support: Disabled
 NUMA Support: Disabled
 Compressed Oops: Enabled (32-bit)
 Heap Region Size: 1M
 Heap Min Capacity: 8M
 Heap Initial Capacity: 64M
 Heap Max Capacity: 1536M
 Pre-touch: Disabled
 Parallel Workers: 4
 Concurrent Workers: 1
 Concurrent Refinement Workers: 4
 Periodic GC: Disabled
Heap:
 garbage-first heap   total 524288K, used 331739K [0x00000000a0000000, 0x0000000100000000)
  region size 1024K, 4 young (4096K), 4 survivors (4096K)
 Metaspace       used 124732K, committed 125568K, reserved 1179648K
  class space    used 16249K, committed 16704K, reserved 1048576K
GC Heap History (20 events):
Event: 245.810 GC heap after
{Heap after GC invocations=120 (full 0):
 garbage-first heap   total 524288K, used 279590K [0x00000000a0000000, 0x0000000100000000)
  region size 1024K, 9 young (9216K), 9 survivors (9216K)
 Metaspace       used 124624K, committed 125504K, reserved 1179648K
  class space    used 16241K, committed 16704K, reserved 1048576K
}
Event: 247.925 GC heap before
{Heap before GC invocations=120 (full 0):
 garbage-first heap   total 524288K, used 449574K [0x00000000a0000000, 0x0000000100000000)
  region size 1024K, 176 young (180224K), 9 survivors (9216K)
 Metaspace       used 124629K, committed 125504K, reserved 1179648K
  class space    used 16242K, committed 16704K, reserved 1048576K
}
Event: 247.971 GC heap after
{Heap after GC invocations=121 (full 0):
 garbage-first heap   total 524288K, used 283740K [0x00000000a0000000, 0x0000000100000000)
  region size 1024K, 13 young (13312K), 13 survivors (13312K)
 Metaspace       used 124629K, committed 125504K, reserved 1179648K
  class space    used 16242K, committed 16704K, reserved 1048576K
}
Event: 254.095 GC heap before
{Heap before GC invocations=121 (full 0):
 garbage-first heap   total 524288K, used 448603K [0x00000000a0000000, 0x0000000100000000)
  region size 1024K, 175 young (179200K), 13 survivors (13312K)
 Metaspace       used 124639K, committed 125504K, reserved 1179648K
  class space    used 16242K, committed 16704K, reserved 1048576K
}
Event: 254.140 GC heap after
{Heap after GC invocations=122 (full 0):
 garbage-first heap   total 524288K, used 281220K [0x00000000a0000000, 0x0000000100000000)
  region size 1024K, 10 young (10240K), 10 survivors (10240K)
 Metaspace       used 124639K, committed 125504K, reserved 1179648K
  class space    used 16242K, committed 16704K, reserved 1048576K
}
Event: 266.254 GC heap before
{Heap before GC invocations=122 (full 0):
 garbage-first heap   total 524288K, used 447107K [0x00000000a0000000, 0x0000000100000000)
  region size 1024K, 173 young (177152K), 10 survivors (10240K)
 Metaspace       used 124676K, committed 125504K, reserved 1179648K
  class space    used 16246K, committed 16704K, reserved 1048576K
}
Event: 266.396 GC heap after
{Heap after GC invocations=123 (full 0):
 garbage-first heap   total 524288K, used 286776K [0x00000000a0000000, 0x0000000100000000)
  region size 1024K, 15 young (15360K), 15 survivors (15360K)
 Metaspace       used 124676K, committed 125504K, reserved 1179648K
  class space    used 16246K, committed 16704K, reserved 1048576K
}
Event: 267.360 GC heap before
{Heap before GC invocations=123 (full 0):
 garbage-first heap   total 524288K, used 446520K [0x00000000a0000000, 0x0000000100000000)
  region size 1024K, 172 young (176128K), 15 survivors (15360K)
 Metaspace       used 124682K, committed 125504K, reserved 1179648K
  class space    used 16246K, committed 16704K, reserved 1048576K
}
Event: 267.526 GC heap after
{Heap after GC invocations=124 (full 0):
 garbage-first heap   total 524288K, used 287749K [0x00000000a0000000, 0x0000000100000000)
  region size 1024K, 14 young (14336K), 14 survivors (14336K)
 Metaspace       used 124682K, committed 125504K, reserved 1179648K
  class space    used 16246K, committed 16704K, reserved 1048576K
}
Event: 268.864 GC heap before
{Heap before GC invocations=124 (full 0):
 garbage-first heap   total 524288K, used 444420K [0x00000000a0000000, 0x0000000100000000)
  region size 1024K, 168 young (172032K), 14 survivors (14336K)
 Metaspace       used 124703K, committed 125568K, reserved 1179648K
  class space    used 16246K, committed 16704K, reserved 1048576K
}
Event: 268.907 GC heap after
{Heap after GC invocations=125 (full 0):
 garbage-first heap   total 524288K, used 282602K [0x00000000a0000000, 0x0000000100000000)
  region size 1024K, 8 young (8192K), 8 survivors (8192K)
 Metaspace       used 124703K, committed 125568K, reserved 1179648K
  class space    used 16246K, committed 16704K, reserved 1048576K
}
Event: 269.620 GC heap before
{Heap before GC invocations=125 (full 0):
 garbage-first heap   total 524288K, used 445417K [0x00000000a0000000, 0x0000000100000000)
  region size 1024K, 168 young (172032K), 8 survivors (8192K)
 Metaspace       used 124713K, committed 125568K, reserved 1179648K
  class space    used 16246K, committed 16704K, reserved 1048576K
}
Event: 269.668 GC heap after
{Heap after GC invocations=126 (full 0):
 garbage-first heap   total 524288K, used 296288K [0x00000000a0000000, 0x0000000100000000)
  region size 1024K, 21 young (21504K), 21 survivors (21504K)
 Metaspace       used 124713K, committed 125568K, reserved 1179648K
  class space    used 16246K, committed 16704K, reserved 1048576K
}
Event: 270.110 GC heap before
{Heap before GC invocations=126 (full 0):
 garbage-first heap   total 524288K, used 437600K [0x00000000a0000000, 0x0000000100000000)
  region size 1024K, 160 young (163840K), 21 survivors (21504K)
 Metaspace       used 124716K, committed 125568K, reserved 1179648K
  class space    used 16246K, committed 16704K, reserved 1048576K
}
Event: 270.478 GC heap after
{Heap after GC invocations=127 (full 0):
 garbage-first heap   total 524288K, used 307433K [0x00000000a0000000, 0x0000000100000000)
  region size 1024K, 18 young (18432K), 18 survivors (18432K)
 Metaspace       used 124716K, committed 125568K, reserved 1179648K
  class space    used 16246K, committed 16704K, reserved 1048576K
}
Event: 270.820 GC heap before
{Heap before GC invocations=127 (full 0):
 garbage-first heap   total 524288K, used 435433K [0x00000000a0000000, 0x0000000100000000)
  region size 1024K, 144 young (147456K), 18 survivors (18432K)
 Metaspace       used 124719K, committed 125568K, reserved 1179648K
  class space    used 16247K, committed 16704K, reserved 1048576K
}
Event: 270.905 GC heap after
{Heap after GC invocations=128 (full 0):
 garbage-first heap   total 524288K, used 318976K [0x00000000a0000000, 0x0000000100000000)
  region size 1024K, 13 young (13312K), 13 survivors (13312K)
 Metaspace       used 124719K, committed 125568K, reserved 1179648K
  class space    used 16247K, committed 16704K, reserved 1048576K
}
Event: 271.113 GC heap before
{Heap before GC invocations=128 (full 0):
 garbage-first heap   total 524288K, used 437760K [0x00000000a0000000, 0x0000000100000000)
  region size 1024K, 129 young (132096K), 13 survivors (13312K)
 Metaspace       used 124729K, committed 125568K, reserved 1179648K
  class space    used 16249K, committed 16704K, reserved 1048576K
}
Event: 271.182 GC heap after
{Heap after GC invocations=129 (full 0):
 garbage-first heap   total 524288K, used 328192K [0x00000000a0000000, 0x0000000100000000)
  region size 1024K, 9 young (9216K), 9 survivors (9216K)
 Metaspace       used 124729K, committed 125568K, reserved 1179648K
  class space    used 16249K, committed 16704K, reserved 1048576K
}
Event: 271.435 GC heap before
{Heap before GC invocations=129 (full 0):
 garbage-first heap   total 524288K, used 440832K [0x00000000a0000000, 0x0000000100000000)
  region size 1024K, 119 young (121856K), 9 survivors (9216K)
 Metaspace       used 124732K, committed 125568K, reserved 1179648K
  class space    used 16249K, committed 16704K, reserved 1048576K
}

