# JRE version: Java(TM) SE Runtime Environment (17.0.11+7) (build 17.0.11+7-LTS-207)
# Java VM: Java HotSpot(TM) 64-Bit Server VM (17.0.11+7-LTS-207, mixed mode, sharing, tiered, compressed oops, compressed class ptrs, g1 gc, windows-amd64)
GC Precious Log:
 CPUs: 4 total, 4 available
 Memory: 4010M
 Large Page Support: Disabled
 NUMA Support: Disabled
 Compressed Oops: Enabled (32-bit)
 Heap Region Size: 1M
 Heap Min Capacity: 8M
 Heap Initial Capacity: 64M
 Heap Max Capacity: 1536M
 Pre-touch: Disabled
 Parallel Workers: 4
 Concurrent Workers: 1
 Concurrent Refinement Workers: 4
 Periodic GC: Disabled
Heap:
 garbage-first heap   total 295936K, used 249532K [0x00000000a0000000, 0x0000000100000000)
  region size 1024K, 1 young (1024K), 1 survivors (1024K)
 Metaspace       used 172424K, committed 173504K, reserved 1245184K
  class space    used 22002K, committed 22528K, reserved 1048576K
GC Heap History (20 events):
Event: 175.018 GC heap after
{Heap after GC invocations=72 (full 0):
 garbage-first heap   total 295936K, used 217088K [0x00000000a0000000, 0x0000000100000000)
  region size 1024K, 4 young (4096K), 4 survivors (4096K)
 Metaspace       used 165091K, committed 166080K, reserved 1245184K
  class space    used 20939K, committed 21440K, reserved 1048576K
}
Event: 176.561 GC heap before
{Heap before GC invocations=72 (full 0):
 garbage-first heap   total 295936K, used 252928K [0x00000000a0000000, 0x0000000100000000)
  region size 1024K, 39 young (39936K), 4 survivors (4096K)
 Metaspace       used 170483K, committed 171584K, reserved 1245184K
  class space    used 21791K, committed 22336K, reserved 1048576K
}
Event: 176.574 GC heap after
{Heap after GC invocations=73 (full 0):
 garbage-first heap   total 295936K, used 221532K [0x00000000a0000000, 0x0000000100000000)
  region size 1024K, 5 young (5120K), 5 survivors (5120K)
 Metaspace       used 170483K, committed 171584K, reserved 1245184K
  class space    used 21791K, committed 22336K, reserved 1048576K
}
Event: 177.668 GC heap before
{Heap before GC invocations=73 (full 0):
 garbage-first heap   total 295936K, used 254300K [0x00000000a0000000, 0x0000000100000000)
  region size 1024K, 37 young (37888K), 5 survivors (5120K)
 Metaspace       used 172091K, committed 173248K, reserved 1245184K
  class space    used 21978K, committed 22528K, reserved 1048576K
}
Event: 177.681 GC heap after
{Heap after GC invocations=74 (full 0):
 garbage-first heap   total 295936K, used 224293K [0x00000000a0000000, 0x0000000100000000)
  region size 1024K, 3 young (3072K), 3 survivors (3072K)
 Metaspace       used 172091K, committed 173248K, reserved 1245184K
  class space    used 21978K, committed 22528K, reserved 1048576K
}
Event: 177.908 GC heap before
{Heap before GC invocations=74 (full 0):
 garbage-first heap   total 295936K, used 255013K [0x00000000a0000000, 0x0000000100000000)
  region size 1024K, 33 young (33792K), 3 survivors (3072K)
 Metaspace       used 172172K, committed 173312K, reserved 1245184K
  class space    used 21980K, committed 22528K, reserved 1048576K
}
Event: 177.914 GC heap after
{Heap after GC invocations=75 (full 0):
 garbage-first heap   total 295936K, used 229052K [0x00000000a0000000, 0x0000000100000000)
  region size 1024K, 5 young (5120K), 5 survivors (5120K)
 Metaspace       used 172172K, committed 173312K, reserved 1245184K
  class space    used 21980K, committed 22528K, reserved 1048576K
}
Event: 178.004 GC heap before
{Heap before GC invocations=75 (full 0):
 garbage-first heap   total 295936K, used 255676K [0x00000000a0000000, 0x0000000100000000)
  region size 1024K, 31 young (31744K), 5 survivors (5120K)
 Metaspace       used 172172K, committed 173312K, reserved 1245184K
  class space    used 21980K, committed 22528K, reserved 1048576K
}
Event: 178.006 GC heap after
{Heap after GC invocations=76 (full 0):
 garbage-first heap   total 295936K, used 233340K [0x00000000a0000000, 0x0000000100000000)
  region size 1024K, 4 young (4096K), 4 survivors (4096K)
 Metaspace       used 172172K, committed 173312K, reserved 1245184K
  class space    used 21980K, committed 22528K, reserved 1048576K
}
Event: 178.102 GC heap before
{Heap before GC invocations=76 (full 0):
 garbage-first heap   total 295936K, used 256892K [0x00000000a0000000, 0x0000000100000000)
  region size 1024K, 27 young (27648K), 4 survivors (4096K)
 Metaspace       used 172172K, committed 173312K, reserved 1245184K
  class space    used 21980K, committed 22528K, reserved 1048576K
}
Event: 178.104 GC heap after
{Heap after GC invocations=77 (full 0):
 garbage-first heap   total 295936K, used 237754K [0x00000000a0000000, 0x0000000100000000)
  region size 1024K, 4 young (4096K), 4 survivors (4096K)
 Metaspace       used 172172K, committed 173312K, reserved 1245184K
  class space    used 21980K, committed 22528K, reserved 1048576K
}
Event: 178.203 GC heap before
{Heap before GC invocations=77 (full 0):
 garbage-first heap   total 295936K, used 256186K [0x00000000a0000000, 0x0000000100000000)
  region size 1024K, 23 young (23552K), 4 survivors (4096K)
 Metaspace       used 172172K, committed 173312K, reserved 1245184K
  class space    used 21980K, committed 22528K, reserved 1048576K
}
Event: 178.226 GC heap after
{Heap after GC invocations=78 (full 0):
 garbage-first heap   total 295936K, used 240400K [0x00000000a0000000, 0x0000000100000000)
  region size 1024K, 3 young (3072K), 3 survivors (3072K)
 Metaspace       used 172172K, committed 173312K, reserved 1245184K
  class space    used 21980K, committed 22528K, reserved 1048576K
}
Event: 178.305 GC heap before
{Heap before GC invocations=78 (full 0):
 garbage-first heap   total 295936K, used 258832K [0x00000000a0000000, 0x0000000100000000)
  region size 1024K, 21 young (21504K), 3 survivors (3072K)
 Metaspace       used 172172K, committed 173312K, reserved 1245184K
  class space    used 21980K, committed 22528K, reserved 1048576K
}
Event: 178.307 GC heap after
{Heap after GC invocations=79 (full 0):
 garbage-first heap   total 295936K, used 243116K [0x00000000a0000000, 0x0000000100000000)
  region size 1024K, 3 young (3072K), 3 survivors (3072K)
 Metaspace       used 172172K, committed 173312K, reserved 1245184K
  class space    used 21980K, committed 22528K, reserved 1048576K
}
Event: 178.372 GC heap before
{Heap before GC invocations=79 (full 0):
 garbage-first heap   total 295936K, used 260524K [0x00000000a0000000, 0x0000000100000000)
  region size 1024K, 19 young (19456K), 3 survivors (3072K)
 Metaspace       used 172172K, committed 173312K, reserved 1245184K
  class space    used 21980K, committed 22528K, reserved 1048576K
}
Event: 178.376 GC heap after
{Heap after GC invocations=80 (full 0):
 garbage-first heap   total 295936K, used 246729K [0x00000000a0000000, 0x0000000100000000)
  region size 1024K, 3 young (3072K), 3 survivors (3072K)
 Metaspace       used 172172K, committed 173312K, reserved 1245184K
  class space    used 21980K, committed 22528K, reserved 1048576K
}
Event: 178.429 GC heap before
{Heap before GC invocations=80 (full 0):
 garbage-first heap   total 295936K, used 260041K [0x00000000a0000000, 0x0000000100000000)
  region size 1024K, 16 young (16384K), 3 survivors (3072K)
 Metaspace       used 172172K, committed 173312K, reserved 1245184K
  class space    used 21980K, committed 22528K, reserved 1048576K
}
Event: 178.431 GC heap after
{Heap after GC invocations=81 (full 0):
 garbage-first heap   total 295936K, used 248832K [0x00000000a0000000, 0x0000000100000000)
  region size 1024K, 2 young (2048K), 2 survivors (2048K)
 Metaspace       used 172172K, committed 173312K, reserved 1245184K
  class space    used 21980K, committed 22528K, reserved 1048576K
}
Event: 178.896 GC heap before
{Heap before GC invocations=81 (full 0):
 garbage-first heap   total 295936K, used 261120K [0x00000000a0000000, 0x0000000100000000)
  region size 1024K, 14 young (14336K), 2 survivors (2048K)
 Metaspace       used 172424K, committed 173504K, reserved 1245184K
  class space    used 22002K, committed 22528K, reserved 1048576K
}

