# JRE version: Java(TM) SE Runtime Environment (17.0.11+7) (build 17.0.11+7-LTS-207)
# Java VM: Java HotSpot(TM) 64-Bit Server VM (17.0.11+7-LTS-207, mixed mode, sharing, tiered, compressed oops, compressed class ptrs, g1 gc, windows-amd64)
GC Precious Log:
 CPUs: 4 total, 4 available
 Memory: 4010M
 Large Page Support: Disabled
 NUMA Support: Disabled
 Compressed Oops: Enabled (32-bit)
 Heap Region Size: 1M
 Heap Min Capacity: 8M
 Heap Initial Capacity: 64M
 Heap Max Capacity: 1536M
 Pre-touch: Disabled
 Parallel Workers: 4
 Concurrent Workers: 1
 Concurrent Refinement Workers: 4
 Periodic GC: Disabled
Heap:
 garbage-first heap   total 261120K, used 189567K [0x00000000a0000000, 0x0000000100000000)
  region size 1024K, 61 young (62464K), 2 survivors (2048K)
 Metaspace       used 114218K, committed 115072K, reserved 1179648K
  class space    used 15021K, committed 15424K, reserved 1048576K
GC Heap History (20 events):
Event: 52.878 GC heap before
{Heap before GC invocations=38 (full 0):
 garbage-first heap   total 188416K, used 151338K [0x00000000a0000000, 0x0000000100000000)
  region size 1024K, 69 young (70656K), 7 survivors (7168K)
 Metaspace       used 82480K, committed 83200K, reserved 1179648K
  class space    used 11357K, committed 11712K, reserved 1048576K
}
Event: 52.930 GC heap after
{Heap after GC invocations=39 (full 0):
 garbage-first heap   total 188416K, used 91029K [0x00000000a0000000, 0x0000000100000000)
  region size 1024K, 7 young (7168K), 7 survivors (7168K)
 Metaspace       used 82480K, committed 83200K, reserved 1179648K
  class space    used 11357K, committed 11712K, reserved 1048576K
}
Event: 54.570 GC heap before
{Heap before GC invocations=39 (full 0):
 garbage-first heap   total 188416K, used 153493K [0x00000000a0000000, 0x0000000100000000)
  region size 1024K, 68 young (69632K), 7 survivors (7168K)
 Metaspace       used 85630K, committed 86272K, reserved 1179648K
  class space    used 11779K, committed 12096K, reserved 1048576K
}
Event: 54.616 GC heap after
{Heap after GC invocations=40 (full 0):
 garbage-first heap   total 261120K, used 96928K [0x00000000a0000000, 0x0000000100000000)
  region size 1024K, 9 young (9216K), 9 survivors (9216K)
 Metaspace       used 85630K, committed 86272K, reserved 1179648K
  class space    used 11779K, committed 12096K, reserved 1048576K
}
Event: 61.849 GC heap before
{Heap before GC invocations=40 (full 0):
 garbage-first heap   total 261120K, used 210592K [0x00000000a0000000, 0x0000000100000000)
  region size 1024K, 121 young (123904K), 9 survivors (9216K)
 Metaspace       used 88933K, committed 89664K, reserved 1179648K
  class space    used 12295K, committed 12608K, reserved 1048576K
}
Event: 62.013 GC heap after
{Heap after GC invocations=41 (full 0):
 garbage-first heap   total 261120K, used 105831K [0x00000000a0000000, 0x0000000100000000)
  region size 1024K, 15 young (15360K), 15 survivors (15360K)
 Metaspace       used 88933K, committed 89664K, reserved 1179648K
  class space    used 12295K, committed 12608K, reserved 1048576K
}
Event: 65.941 GC heap before
{Heap before GC invocations=41 (full 0):
 garbage-first heap   total 261120K, used 204135K [0x00000000a0000000, 0x0000000100000000)
  region size 1024K, 112 young (114688K), 15 survivors (15360K)
 Metaspace       used 90373K, committed 91136K, reserved 1179648K
  class space    used 12497K, committed 12864K, reserved 1048576K
}
Event: 66.018 GC heap after
{Heap after GC invocations=42 (full 0):
 garbage-first heap   total 261120K, used 109136K [0x00000000a0000000, 0x0000000100000000)
  region size 1024K, 6 young (6144K), 6 survivors (6144K)
 Metaspace       used 90373K, committed 91136K, reserved 1179648K
  class space    used 12497K, committed 12864K, reserved 1048576K
}
Event: 66.527 GC heap before
{Heap before GC invocations=42 (full 0):
 garbage-first heap   total 261120K, used 123472K [0x00000000a0000000, 0x0000000100000000)
  region size 1024K, 21 young (21504K), 6 survivors (6144K)
 Metaspace       used 92346K, committed 93056K, reserved 1179648K
  class space    used 12761K, committed 13120K, reserved 1048576K
}
Event: 66.553 GC heap after
{Heap after GC invocations=43 (full 0):
 garbage-first heap   total 261120K, used 109496K [0x00000000a0000000, 0x0000000100000000)
  region size 1024K, 7 young (7168K), 7 survivors (7168K)
 Metaspace       used 92346K, committed 93056K, reserved 1179648K
  class space    used 12761K, committed 13120K, reserved 1048576K
}
Event: 69.901 GC heap before
{Heap before GC invocations=44 (full 0):
 garbage-first heap   total 261120K, used 212920K [0x00000000a0000000, 0x0000000100000000)
  region size 1024K, 108 young (110592K), 7 survivors (7168K)
 Metaspace       used 95694K, committed 96448K, reserved 1179648K
  class space    used 13138K, committed 13504K, reserved 1048576K
}
Event: 69.952 GC heap after
{Heap after GC invocations=45 (full 0):
 garbage-first heap   total 261120K, used 114874K [0x00000000a0000000, 0x0000000100000000)
  region size 1024K, 12 young (12288K), 12 survivors (12288K)
 Metaspace       used 95694K, committed 96448K, reserved 1179648K
  class space    used 13138K, committed 13504K, reserved 1048576K
}
Event: 69.970 GC heap before
{Heap before GC invocations=45 (full 0):
 garbage-first heap   total 261120K, used 115898K [0x00000000a0000000, 0x0000000100000000)
  region size 1024K, 13 young (13312K), 12 survivors (12288K)
 Metaspace       used 95700K, committed 96512K, reserved 1179648K
  class space    used 13138K, committed 13504K, reserved 1048576K
}
Event: 70.023 GC heap after
{Heap after GC invocations=46 (full 0):
 garbage-first heap   total 261120K, used 114693K [0x00000000a0000000, 0x0000000100000000)
  region size 1024K, 2 young (2048K), 2 survivors (2048K)
 Metaspace       used 95700K, committed 96512K, reserved 1179648K
  class space    used 13138K, committed 13504K, reserved 1048576K
}
Event: 72.731 GC heap before
{Heap before GC invocations=46 (full 0):
 garbage-first heap   total 261120K, used 214021K [0x00000000a0000000, 0x0000000100000000)
  region size 1024K, 99 young (101376K), 2 survivors (2048K)
 Metaspace       used 96347K, committed 97088K, reserved 1179648K
  class space    used 13183K, committed 13568K, reserved 1048576K
}
Event: 72.750 GC heap after
{Heap after GC invocations=47 (full 0):
 garbage-first heap   total 261120K, used 120337K [0x00000000a0000000, 0x0000000100000000)
  region size 1024K, 7 young (7168K), 7 survivors (7168K)
 Metaspace       used 96347K, committed 97088K, reserved 1179648K
  class space    used 13183K, committed 13568K, reserved 1048576K
}
Event: 76.564 GC heap before
{Heap before GC invocations=48 (full 0):
 garbage-first heap   total 261120K, used 224785K [0x00000000a0000000, 0x0000000100000000)
  region size 1024K, 99 young (101376K), 7 survivors (7168K)
 Metaspace       used 102175K, committed 102976K, reserved 1179648K
  class space    used 13669K, committed 14080K, reserved 1048576K
}
Event: 76.612 GC heap after
{Heap after GC invocations=49 (full 0):
 garbage-first heap   total 261120K, used 132107K [0x00000000a0000000, 0x0000000100000000)
  region size 1024K, 9 young (9216K), 9 survivors (9216K)
 Metaspace       used 102175K, committed 102976K, reserved 1179648K
  class space    used 13669K, committed 14080K, reserved 1048576K
}
Event: 76.670 GC heap before
{Heap before GC invocations=49 (full 0):
 garbage-first heap   total 261120K, used 134155K [0x00000000a0000000, 0x0000000100000000)
  region size 1024K, 12 young (12288K), 9 survivors (9216K)
 Metaspace       used 102503K, committed 103296K, reserved 1179648K
  class space    used 13709K, committed 14080K, reserved 1048576K
}
Event: 76.703 GC heap after
{Heap after GC invocations=50 (full 0):
 garbage-first heap   total 261120K, used 131199K [0x00000000a0000000, 0x0000000100000000)
  region size 1024K, 2 young (2048K), 2 survivors (2048K)
 Metaspace       used 102503K, committed 103296K, reserved 1179648K
  class space    used 13709K, committed 14080K, reserved 1048576K
}

