# JRE version: Java(TM) SE Runtime Environment (17.0.11+7) (build 17.0.11+7-LTS-207)
# Java VM: Java HotSpot(TM) 64-Bit Server VM (17.0.11+7-LTS-207, mixed mode, sharing, tiered, compressed oops, compressed class ptrs, g1 gc, windows-amd64)
GC Precious Log:
 CPUs: 4 total, 4 available
 Memory: 4010M
 Large Page Support: Disabled
 NUMA Support: Disabled
 Compressed Oops: Enabled (32-bit)
 Heap Region Size: 1M
 Heap Min Capacity: 8M
 Heap Initial Capacity: 64M
 Heap Max Capacity: 1536M
 Pre-touch: Disabled
 Parallel Workers: 4
 Concurrent Workers: 1
 Concurrent Refinement Workers: 4
 Periodic GC: Disabled
Heap:
 garbage-first heap   total 312320K, used 232448K [0x00000000a0000000, 0x0000000100000000)
  region size 1024K, 5 young (5120K), 5 survivors (5120K)
 Metaspace       used 115587K, committed 116416K, reserved 1179648K
  class space    used 15427K, committed 15872K, reserved 1048576K
GC Heap History (20 events):
Event: 59.442 GC heap after
{Heap after GC invocations=48 (full 0):
 garbage-first heap   total 272384K, used 143291K [0x00000000a0000000, 0x0000000100000000)
  region size 1024K, 5 young (5120K), 5 survivors (5120K)
 Metaspace       used 102845K, committed 103552K, reserved 1179648K
  class space    used 13617K, committed 13952K, reserved 1048576K
}
Event: 62.398 GC heap before
{Heap before GC invocations=48 (full 0):
 garbage-first heap   total 272384K, used 218043K [0x00000000a0000000, 0x0000000100000000)
  region size 1024K, 79 young (80896K), 5 survivors (5120K)
 Metaspace       used 108233K, committed 108928K, reserved 1179648K
  class space    used 14303K, committed 14656K, reserved 1048576K
}
Event: 62.418 GC heap after
{Heap after GC invocations=49 (full 0):
 garbage-first heap   total 272384K, used 146425K [0x00000000a0000000, 0x0000000100000000)
  region size 1024K, 8 young (8192K), 8 survivors (8192K)
 Metaspace       used 108233K, committed 108928K, reserved 1179648K
  class space    used 14303K, committed 14656K, reserved 1048576K
}
Event: 64.372 GC heap before
{Heap before GC invocations=49 (full 0):
 garbage-first heap   total 272384K, used 220153K [0x00000000a0000000, 0x0000000100000000)
  region size 1024K, 81 young (82944K), 8 survivors (8192K)
 Metaspace       used 108692K, committed 109440K, reserved 1179648K
  class space    used 14354K, committed 14720K, reserved 1048576K
}
Event: 64.394 GC heap after
{Heap after GC invocations=50 (full 0):
 garbage-first heap   total 272384K, used 149103K [0x00000000a0000000, 0x0000000100000000)
  region size 1024K, 9 young (9216K), 9 survivors (9216K)
 Metaspace       used 108692K, committed 109440K, reserved 1179648K
  class space    used 14354K, committed 14720K, reserved 1048576K
}
Event: 64.673 GC heap before
{Heap before GC invocations=50 (full 0):
 garbage-first heap   total 272384K, used 172655K [0x00000000a0000000, 0x0000000100000000)
  region size 1024K, 24 young (24576K), 9 survivors (9216K)
 Metaspace       used 109011K, committed 109760K, reserved 1179648K
  class space    used 14399K, committed 14784K, reserved 1048576K
}
Event: 64.705 GC heap after
{Heap after GC invocations=51 (full 0):
 garbage-first heap   total 272384K, used 163369K [0x00000000a0000000, 0x0000000100000000)
  region size 1024K, 9 young (9216K), 9 survivors (9216K)
 Metaspace       used 109011K, committed 109760K, reserved 1179648K
  class space    used 14399K, committed 14784K, reserved 1048576K
}
Event: 66.087 GC heap before
{Heap before GC invocations=52 (full 0):
 garbage-first heap   total 273408K, used 222761K [0x00000000a0000000, 0x0000000100000000)
  region size 1024K, 66 young (67584K), 9 survivors (9216K)
 Metaspace       used 111800K, committed 112576K, reserved 1179648K
  class space    used 14800K, committed 15168K, reserved 1048576K
}
Event: 66.103 GC heap after
{Heap after GC invocations=53 (full 0):
 garbage-first heap   total 273408K, used 161083K [0x00000000a0000000, 0x0000000100000000)
  region size 1024K, 7 young (7168K), 7 survivors (7168K)
 Metaspace       used 111800K, committed 112576K, reserved 1179648K
  class space    used 14800K, committed 15168K, reserved 1048576K
}
Event: 66.130 GC heap before
{Heap before GC invocations=53 (full 0):
 garbage-first heap   total 273408K, used 179515K [0x00000000a0000000, 0x0000000100000000)
  region size 1024K, 14 young (14336K), 7 survivors (7168K)
 Metaspace       used 111806K, committed 112576K, reserved 1179648K
  class space    used 14801K, committed 15168K, reserved 1048576K
}
Event: 66.145 GC heap after
{Heap after GC invocations=54 (full 0):
 garbage-first heap   total 273408K, used 149943K [0x00000000a0000000, 0x0000000100000000)
  region size 1024K, 2 young (2048K), 2 survivors (2048K)
 Metaspace       used 111806K, committed 112576K, reserved 1179648K
  class space    used 14801K, committed 15168K, reserved 1048576K
}
Event: 67.246 GC heap before
{Heap before GC invocations=54 (full 0):
 garbage-first heap   total 273408K, used 221623K [0x00000000a0000000, 0x0000000100000000)
  region size 1024K, 71 young (72704K), 2 survivors (2048K)
 Metaspace       used 112686K, committed 113536K, reserved 1179648K
  class space    used 14896K, committed 15296K, reserved 1048576K
}
Event: 67.294 GC heap after
{Heap after GC invocations=55 (full 0):
 garbage-first heap   total 273408K, used 171805K [0x00000000a0000000, 0x0000000100000000)
  region size 1024K, 9 young (9216K), 9 survivors (9216K)
 Metaspace       used 112686K, committed 113536K, reserved 1179648K
  class space    used 14896K, committed 15296K, reserved 1048576K
}
Event: 68.965 GC heap before
{Heap before GC invocations=56 (full 0):
 garbage-first heap   total 312320K, used 214813K [0x00000000a0000000, 0x0000000100000000)
  region size 1024K, 52 young (53248K), 9 survivors (9216K)
 Metaspace       used 115081K, committed 115904K, reserved 1179648K
  class space    used 15369K, committed 15744K, reserved 1048576K
}
Event: 69.022 GC heap after
{Heap after GC invocations=57 (full 0):
 garbage-first heap   total 312320K, used 186368K [0x00000000a0000000, 0x0000000100000000)
  region size 1024K, 7 young (7168K), 7 survivors (7168K)
 Metaspace       used 115081K, committed 115904K, reserved 1179648K
  class space    used 15369K, committed 15744K, reserved 1048576K
}
Event: 69.106 GC heap before
{Heap before GC invocations=57 (full 0):
 garbage-first heap   total 312320K, used 193536K [0x00000000a0000000, 0x0000000100000000)
  region size 1024K, 15 young (15360K), 7 survivors (7168K)
 Metaspace       used 115089K, committed 115904K, reserved 1179648K
  class space    used 15369K, committed 15744K, reserved 1048576K
}
Event: 69.141 GC heap after
{Heap after GC invocations=58 (full 0):
 garbage-first heap   total 312320K, used 187904K [0x00000000a0000000, 0x0000000100000000)
  region size 1024K, 2 young (2048K), 2 survivors (2048K)
 Metaspace       used 115089K, committed 115904K, reserved 1179648K
  class space    used 15369K, committed 15744K, reserved 1048576K
}
Event: 69.753 GC heap before
{Heap before GC invocations=58 (full 0):
 garbage-first heap   total 312320K, used 243200K [0x00000000a0000000, 0x0000000100000000)
  region size 1024K, 57 young (58368K), 2 survivors (2048K)
 Metaspace       used 115207K, committed 115968K, reserved 1179648K
  class space    used 15381K, committed 15744K, reserved 1048576K
}
Event: 69.814 GC heap after
{Heap after GC invocations=59 (full 0):
 garbage-first heap   total 312320K, used 215552K [0x00000000a0000000, 0x0000000100000000)
  region size 1024K, 8 young (8192K), 8 survivors (8192K)
 Metaspace       used 115207K, committed 115968K, reserved 1179648K
  class space    used 15381K, committed 15744K, reserved 1048576K
}
Event: 70.270 GC heap before
{Heap before GC invocations=59 (full 0):
 garbage-first heap   total 312320K, used 250368K [0x00000000a0000000, 0x0000000100000000)
  region size 1024K, 40 young (40960K), 8 survivors (8192K)
 Metaspace       used 115587K, committed 116416K, reserved 1179648K
  class space    used 15427K, committed 15872K, reserved 1048576K
}

