# JRE version: Java(TM) SE Runtime Environment (17.0.11+7) (build 17.0.11+7-LTS-207)
# Java VM: Java HotSpot(TM) 64-Bit Server VM (17.0.11+7-LTS-207, mixed mode, sharing, tiered, compressed oops, compressed class ptrs, g1 gc, windows-amd64)
GC Precious Log:
 CPUs: 4 total, 4 available
 Memory: 4010M
 Large Page Support: Disabled
 NUMA Support: Disabled
 Compressed Oops: Enabled (32-bit)
 Heap Region Size: 1M
 Heap Min Capacity: 8M
 Heap Initial Capacity: 64M
 Heap Max Capacity: 1536M
 Pre-touch: Disabled
 Parallel Workers: 4
 Concurrent Workers: 1
 Concurrent Refinement Workers: 4
 Periodic GC: Disabled
Heap:
 garbage-first heap   total 278528K, used 162485K [0x00000000a0000000, 0x0000000100000000)
  region size 1024K, 9 young (9216K), 9 survivors (9216K)
 Metaspace       used 108959K, committed 109824K, reserved 1179648K
  class space    used 14938K, committed 15360K, reserved 1048576K
GC Heap History (20 events):
Event: 58.523 GC heap after
{Heap after GC invocations=49 (full 0):
 garbage-first heap   total 176128K, used 94479K [0x00000000a0000000, 0x0000000100000000)
  region size 1024K, 7 young (7168K), 7 survivors (7168K)
 Metaspace       used 86714K, committed 87360K, reserved 1179648K
  class space    used 11873K, committed 12224K, reserved 1048576K
}
Event: 62.754 GC heap before
{Heap before GC invocations=50 (full 0):
 garbage-first heap   total 191488K, used 144655K [0x00000000a0000000, 0x0000000100000000)
  region size 1024K, 56 young (57344K), 7 survivors (7168K)
 Metaspace       used 92458K, committed 93248K, reserved 1179648K
  class space    used 12612K, committed 12992K, reserved 1048576K
}
Event: 62.785 GC heap after
{Heap after GC invocations=51 (full 0):
 garbage-first heap   total 191488K, used 99083K [0x00000000a0000000, 0x0000000100000000)
  region size 1024K, 7 young (7168K), 7 survivors (7168K)
 Metaspace       used 92458K, committed 93248K, reserved 1179648K
  class space    used 12612K, committed 12992K, reserved 1048576K
}
Event: 63.085 GC heap before
{Heap before GC invocations=51 (full 0):
 garbage-first heap   total 191488K, used 101131K [0x00000000a0000000, 0x0000000100000000)
  region size 1024K, 9 young (9216K), 7 survivors (7168K)
 Metaspace       used 92553K, committed 93376K, reserved 1179648K
  class space    used 12626K, committed 12992K, reserved 1048576K
}
Event: 63.120 GC heap after
{Heap after GC invocations=52 (full 0):
 garbage-first heap   total 191488K, used 98812K [0x00000000a0000000, 0x0000000100000000)
  region size 1024K, 1 young (1024K), 1 survivors (1024K)
 Metaspace       used 92553K, committed 93376K, reserved 1179648K
  class space    used 12626K, committed 12992K, reserved 1048576K
}
Event: 78.072 GC heap before
{Heap before GC invocations=52 (full 0):
 garbage-first heap   total 191488K, used 159228K [0x00000000a0000000, 0x0000000100000000)
  region size 1024K, 59 young (60416K), 1 survivors (1024K)
 Metaspace       used 93953K, committed 94720K, reserved 1179648K
  class space    used 12771K, committed 13120K, reserved 1048576K
}
Event: 78.099 GC heap after
{Heap after GC invocations=53 (full 0):
 garbage-first heap   total 191488K, used 105479K [0x00000000a0000000, 0x0000000100000000)
  region size 1024K, 6 young (6144K), 6 survivors (6144K)
 Metaspace       used 93953K, committed 94720K, reserved 1179648K
  class space    used 12771K, committed 13120K, reserved 1048576K
}
Event: 81.347 GC heap before
{Heap before GC invocations=54 (full 0):
 garbage-first heap   total 196608K, used 157703K [0x00000000a0000000, 0x0000000100000000)
  region size 1024K, 57 young (58368K), 6 survivors (6144K)
 Metaspace       used 104411K, committed 105216K, reserved 1179648K
  class space    used 14249K, committed 14656K, reserved 1048576K
}
Event: 81.372 GC heap after
{Heap after GC invocations=55 (full 0):
 garbage-first heap   total 196608K, used 109234K [0x00000000a0000000, 0x0000000100000000)
  region size 1024K, 4 young (4096K), 4 survivors (4096K)
 Metaspace       used 104411K, committed 105216K, reserved 1179648K
  class space    used 14249K, committed 14656K, reserved 1048576K
}
Event: 81.593 GC heap before
{Heap before GC invocations=55 (full 0):
 garbage-first heap   total 196608K, used 114354K [0x00000000a0000000, 0x0000000100000000)
  region size 1024K, 9 young (9216K), 4 survivors (4096K)
 Metaspace       used 105467K, committed 106240K, reserved 1179648K
  class space    used 14421K, committed 14784K, reserved 1048576K
}
Event: 81.617 GC heap after
{Heap after GC invocations=56 (full 0):
 garbage-first heap   total 196608K, used 109860K [0x00000000a0000000, 0x0000000100000000)
  region size 1024K, 1 young (1024K), 1 survivors (1024K)
 Metaspace       used 105467K, committed 106240K, reserved 1179648K
  class space    used 14421K, committed 14784K, reserved 1048576K
}
Event: 83.416 GC heap before
{Heap before GC invocations=56 (full 0):
 garbage-first heap   total 196608K, used 171300K [0x00000000a0000000, 0x0000000100000000)
  region size 1024K, 53 young (54272K), 1 survivors (1024K)
 Metaspace       used 106728K, committed 107584K, reserved 1179648K
  class space    used 14574K, committed 14976K, reserved 1048576K
}
Event: 83.426 GC heap after
{Heap after GC invocations=57 (full 0):
 garbage-first heap   total 196608K, used 120496K [0x00000000a0000000, 0x0000000100000000)
  region size 1024K, 5 young (5120K), 5 survivors (5120K)
 Metaspace       used 106728K, committed 107584K, reserved 1179648K
  class space    used 14574K, committed 14976K, reserved 1048576K
}
Event: 83.566 GC heap before
{Heap before GC invocations=57 (full 0):
 garbage-first heap   total 196608K, used 138928K [0x00000000a0000000, 0x0000000100000000)
  region size 1024K, 14 young (14336K), 5 survivors (5120K)
 Metaspace       used 107101K, committed 107968K, reserved 1179648K
  class space    used 14628K, committed 15040K, reserved 1048576K
}
Event: 83.575 GC heap after
{Heap after GC invocations=58 (full 0):
 garbage-first heap   total 196608K, used 133684K [0x00000000a0000000, 0x0000000100000000)
  region size 1024K, 2 young (2048K), 2 survivors (2048K)
 Metaspace       used 107101K, committed 107968K, reserved 1179648K
  class space    used 14628K, committed 15040K, reserved 1048576K
}
Event: 84.609 GC heap before
{Heap before GC invocations=59 (full 0):
 garbage-first heap   total 278528K, used 183860K [0x00000000a0000000, 0x0000000100000000)
  region size 1024K, 32 young (32768K), 2 survivors (2048K)
 Metaspace       used 107158K, committed 108032K, reserved 1179648K
  class space    used 14631K, committed 15040K, reserved 1048576K
}
Event: 84.639 GC heap after
{Heap after GC invocations=60 (full 0):
 garbage-first heap   total 278528K, used 142852K [0x00000000a0000000, 0x0000000100000000)
  region size 1024K, 4 young (4096K), 4 survivors (4096K)
 Metaspace       used 107158K, committed 108032K, reserved 1179648K
  class space    used 14631K, committed 15040K, reserved 1048576K
}
Event: 84.789 GC heap before
{Heap before GC invocations=60 (full 0):
 garbage-first heap   total 278528K, used 152068K [0x00000000a0000000, 0x0000000100000000)
  region size 1024K, 13 young (13312K), 4 survivors (4096K)
 Metaspace       used 107210K, committed 108032K, reserved 1179648K
  class space    used 14635K, committed 15040K, reserved 1048576K
}
Event: 84.825 GC heap after
{Heap after GC invocations=61 (full 0):
 garbage-first heap   total 278528K, used 143970K [0x00000000a0000000, 0x0000000100000000)
  region size 1024K, 2 young (2048K), 2 survivors (2048K)
 Metaspace       used 107210K, committed 108032K, reserved 1179648K
  class space    used 14635K, committed 15040K, reserved 1048576K
}
Event: 86.222 GC heap before
{Heap before GC invocations=61 (full 0):
 garbage-first heap   total 278528K, used 213602K [0x00000000a0000000, 0x0000000100000000)
  region size 1024K, 70 young (71680K), 2 survivors (2048K)
 Metaspace       used 108959K, committed 109824K, reserved 1179648K
  class space    used 14938K, committed 15360K, reserved 1048576K
}

