# JRE version: Java(TM) SE Runtime Environment (17.0.11+7) (build 17.0.11+7-LTS-207)
# Java VM: Java HotSpot(TM) 64-Bit Server VM (17.0.11+7-LTS-207, mixed mode, sharing, tiered, compressed oops, compressed class ptrs, g1 gc, windows-amd64)
GC Precious Log:
 CPUs: 4 total, 4 available
 Memory: 4010M
 Large Page Support: Disabled
 NUMA Support: Disabled
 Compressed Oops: Enabled (32-bit)
 Heap Region Size: 1M
 Heap Min Capacity: 8M
 Heap Initial Capacity: 64M
 Heap Max Capacity: 1536M
 Pre-touch: Disabled
 Parallel Workers: 4
 Concurrent Workers: 1
 Concurrent Refinement Workers: 4
 Periodic GC: Disabled
Heap:
 garbage-first heap   total 406528K, used 187392K [0x00000000a0000000, 0x0000000100000000)
  region size 1024K, 2 young (2048K), 2 survivors (2048K)
 Metaspace       used 106997K, committed 107776K, reserved 1179648K
  class space    used 14525K, committed 14912K, reserved 1048576K
GC Heap History (20 events):
Event: 39.067 GC heap after
{Heap after GC invocations=45 (full 0):
 garbage-first heap   total 305152K, used 82513K [0x00000000a0000000, 0x0000000100000000)
  region size 1024K, 16 young (16384K), 16 survivors (16384K)
 Metaspace       used 82507K, committed 83200K, reserved 1179648K
  class space    used 11323K, committed 11648K, reserved 1048576K
}
Event: 46.927 GC heap before
{Heap before GC invocations=45 (full 0):
 garbage-first heap   total 305152K, used 222801K [0x00000000a0000000, 0x0000000100000000)
  region size 1024K, 154 young (157696K), 16 survivors (16384K)
 Metaspace       used 89128K, committed 89856K, reserved 1179648K
  class space    used 12140K, committed 12480K, reserved 1048576K
}
Event: 47.061 GC heap after
{Heap after GC invocations=46 (full 0):
 garbage-first heap   total 305152K, used 93615K [0x00000000a0000000, 0x0000000100000000)
  region size 1024K, 11 young (11264K), 11 survivors (11264K)
 Metaspace       used 89128K, committed 89856K, reserved 1179648K
  class space    used 12140K, committed 12480K, reserved 1048576K
}
Event: 51.928 GC heap before
{Heap before GC invocations=46 (full 0):
 garbage-first heap   total 305152K, used 239023K [0x00000000a0000000, 0x0000000100000000)
  region size 1024K, 146 young (149504K), 11 survivors (11264K)
 Metaspace       used 94824K, committed 95552K, reserved 1179648K
  class space    used 12873K, committed 13248K, reserved 1048576K
}
Event: 52.047 GC heap after
{Heap after GC invocations=47 (full 0):
 garbage-first heap   total 305152K, used 113152K [0x00000000a0000000, 0x0000000100000000)
  region size 1024K, 17 young (17408K), 17 survivors (17408K)
 Metaspace       used 94824K, committed 95552K, reserved 1179648K
  class space    used 12873K, committed 13248K, reserved 1048576K
}
Event: 54.884 GC heap before
{Heap before GC invocations=47 (full 0):
 garbage-first heap   total 305152K, used 235008K [0x00000000a0000000, 0x0000000100000000)
  region size 1024K, 137 young (140288K), 17 survivors (17408K)
 Metaspace       used 102129K, committed 102912K, reserved 1179648K
  class space    used 13961K, committed 14336K, reserved 1048576K
}
Event: 54.969 GC heap after
{Heap after GC invocations=48 (full 0):
 garbage-first heap   total 305152K, used 128512K [0x00000000a0000000, 0x0000000100000000)
  region size 1024K, 18 young (18432K), 18 survivors (18432K)
 Metaspace       used 102129K, committed 102912K, reserved 1179648K
  class space    used 13961K, committed 14336K, reserved 1048576K
}
Event: 56.923 GC heap before
{Heap before GC invocations=48 (full 0):
 garbage-first heap   total 305152K, used 236032K [0x00000000a0000000, 0x0000000100000000)
  region size 1024K, 124 young (126976K), 18 survivors (18432K)
 Metaspace       used 105319K, committed 106048K, reserved 1179648K
  class space    used 14304K, committed 14656K, reserved 1048576K
}
Event: 56.999 GC heap after
{Heap after GC invocations=49 (full 0):
 garbage-first heap   total 305152K, used 141824K [0x00000000a0000000, 0x0000000100000000)
  region size 1024K, 13 young (13312K), 13 survivors (13312K)
 Metaspace       used 105319K, committed 106048K, reserved 1179648K
  class space    used 14304K, committed 14656K, reserved 1048576K
}
Event: 57.963 GC heap before
{Heap before GC invocations=49 (full 0):
 garbage-first heap   total 305152K, used 222720K [0x00000000a0000000, 0x0000000100000000)
  region size 1024K, 94 young (96256K), 13 survivors (13312K)
 Metaspace       used 105966K, committed 106688K, reserved 1179648K
  class space    used 14410K, committed 14784K, reserved 1048576K
}
Event: 58.030 GC heap after
{Heap after GC invocations=50 (full 0):
 garbage-first heap   total 305152K, used 153088K [0x00000000a0000000, 0x0000000100000000)
  region size 1024K, 11 young (11264K), 11 survivors (11264K)
 Metaspace       used 105966K, committed 106688K, reserved 1179648K
  class space    used 14410K, committed 14784K, reserved 1048576K
}
Event: 61.434 GC heap before
{Heap before GC invocations=51 (full 0):
 garbage-first heap   total 378880K, used 241152K [0x00000000a0000000, 0x0000000100000000)
  region size 1024K, 97 young (99328K), 11 survivors (11264K)
 Metaspace       used 106643K, committed 107456K, reserved 1179648K
  class space    used 14466K, committed 14848K, reserved 1048576K
}
Event: 61.502 GC heap after
{Heap after GC invocations=52 (full 0):
 garbage-first heap   total 378880K, used 161280K [0x00000000a0000000, 0x0000000100000000)
  region size 1024K, 11 young (11264K), 11 survivors (11264K)
 Metaspace       used 106643K, committed 107456K, reserved 1179648K
  class space    used 14466K, committed 14848K, reserved 1048576K
}
Event: 61.777 GC heap before
{Heap before GC invocations=52 (full 0):
 garbage-first heap   total 378880K, used 168448K [0x00000000a0000000, 0x0000000100000000)
  region size 1024K, 18 young (18432K), 11 survivors (11264K)
 Metaspace       used 106643K, committed 107456K, reserved 1179648K
  class space    used 14466K, committed 14848K, reserved 1048576K
}
Event: 61.835 GC heap after
{Heap after GC invocations=53 (full 0):
 garbage-first heap   total 378880K, used 162677K [0x00000000a0000000, 0x0000000100000000)
  region size 1024K, 2 young (2048K), 2 survivors (2048K)
 Metaspace       used 106643K, committed 107456K, reserved 1179648K
  class space    used 14466K, committed 14848K, reserved 1048576K
}
Event: 63.905 GC heap before
{Heap before GC invocations=53 (full 0):
 garbage-first heap   total 378880K, used 296821K [0x00000000a0000000, 0x0000000100000000)
  region size 1024K, 134 young (137216K), 2 survivors (2048K)
 Metaspace       used 106663K, committed 107456K, reserved 1179648K
  class space    used 14467K, committed 14848K, reserved 1048576K
}
Event: 63.960 GC heap after
{Heap after GC invocations=54 (full 0):
 garbage-first heap   total 378880K, used 179200K [0x00000000a0000000, 0x0000000100000000)
  region size 1024K, 17 young (17408K), 17 survivors (17408K)
 Metaspace       used 106663K, committed 107456K, reserved 1179648K
  class space    used 14467K, committed 14848K, reserved 1048576K
}
Event: 65.521 GC heap before
{Heap before GC invocations=55 (full 0):
 garbage-first heap   total 406528K, used 297984K [0x00000000a0000000, 0x0000000100000000)
  region size 1024K, 133 young (136192K), 17 survivors (17408K)
 Metaspace       used 106929K, committed 107648K, reserved 1179648K
  class space    used 14506K, committed 14848K, reserved 1048576K
}
Event: 65.822 GC heap after
{Heap after GC invocations=56 (full 0):
 garbage-first heap   total 406528K, used 188871K [0x00000000a0000000, 0x0000000100000000)
  region size 1024K, 11 young (11264K), 11 survivors (11264K)
 Metaspace       used 106929K, committed 107648K, reserved 1179648K
  class space    used 14506K, committed 14848K, reserved 1048576K
}
Event: 66.034 GC heap before
{Heap before GC invocations=56 (full 0):
 garbage-first heap   total 406528K, used 196039K [0x00000000a0000000, 0x0000000100000000)
  region size 1024K, 19 young (19456K), 11 survivors (11264K)
 Metaspace       used 106997K, committed 107776K, reserved 1179648K
  class space    used 14525K, committed 14912K, reserved 1048576K
}

