# JRE version: Java(TM) SE Runtime Environment (17.0.11+7) (build 17.0.11+7-LTS-207)
# Java VM: Java HotSpot(TM) 64-Bit Server VM (17.0.11+7-LTS-207, mixed mode, sharing, tiered, compressed oops, compressed class ptrs, g1 gc, windows-amd64)
GC Precious Log:
 CPUs: 4 total, 4 available
 Memory: 4010M
 Large Page Support: Disabled
 NUMA Support: Disabled
 Compressed Oops: Enabled (32-bit)
 Heap Region Size: 1M
 Heap Min Capacity: 8M
 Heap Initial Capacity: 64M
 Heap Max Capacity: 1536M
 Pre-touch: Disabled
 Parallel Workers: 4
 Concurrent Workers: 1
 Concurrent Refinement Workers: 4
 Periodic GC: Disabled
Heap:
 garbage-first heap   total 209920K, used 155691K [0x00000000a0000000, 0x0000000100000000)
  region size 1024K, 86 young (88064K), 2 survivors (2048K)
 Metaspace       used 75085K, committed 75712K, reserved 1179648K
  class space    used 10247K, committed 10560K, reserved 1048576K
GC Heap History (20 events):
Event: 29.389 GC heap before
{Heap before GC invocations=21 (full 0):
 garbage-first heap   total 83968K, used 50817K [0x00000000a0000000, 0x0000000100000000)
  region size 1024K, 9 young (9216K), 4 survivors (4096K)
 Metaspace       used 49945K, committed 50496K, reserved 1114112K
  class space    used 6720K, committed 6976K, reserved 1048576K
}
Event: 29.400 GC heap after
{Heap after GC invocations=22 (full 0):
 garbage-first heap   total 83968K, used 51473K [0x00000000a0000000, 0x0000000100000000)
  region size 1024K, 4 young (4096K), 4 survivors (4096K)
 Metaspace       used 49945K, committed 50496K, reserved 1114112K
  class space    used 6720K, committed 6976K, reserved 1048576K
}
Event: 29.959 GC heap before
{Heap before GC invocations=23 (full 0):
 garbage-first heap   total 99328K, used 64785K [0x00000000a0000000, 0x0000000100000000)
  region size 1024K, 14 young (14336K), 4 survivors (4096K)
 Metaspace       used 50592K, committed 51200K, reserved 1114112K
  class space    used 6817K, committed 7104K, reserved 1048576K
}
Event: 29.975 GC heap after
{Heap after GC invocations=24 (full 0):
 garbage-first heap   total 99328K, used 57344K [0x00000000a0000000, 0x0000000100000000)
  region size 1024K, 2 young (2048K), 2 survivors (2048K)
 Metaspace       used 50592K, committed 51200K, reserved 1114112K
  class space    used 6817K, committed 7104K, reserved 1048576K
}
Event: 31.011 GC heap before
{Heap before GC invocations=24 (full 0):
 garbage-first heap   total 99328K, used 70656K [0x00000000a0000000, 0x0000000100000000)
  region size 1024K, 15 young (15360K), 2 survivors (2048K)
 Metaspace       used 52131K, committed 52672K, reserved 1114112K
  class space    used 7023K, committed 7296K, reserved 1048576K
}
Event: 31.020 GC heap after
{Heap after GC invocations=25 (full 0):
 garbage-first heap   total 99328K, used 57821K [0x00000000a0000000, 0x0000000100000000)
  region size 1024K, 1 young (1024K), 1 survivors (1024K)
 Metaspace       used 52131K, committed 52672K, reserved 1114112K
  class space    used 7023K, committed 7296K, reserved 1048576K
}
Event: 31.602 GC heap before
{Heap before GC invocations=26 (full 0):
 garbage-first heap   total 104448K, used 72157K [0x00000000a0000000, 0x0000000100000000)
  region size 1024K, 15 young (15360K), 1 survivors (1024K)
 Metaspace       used 53962K, committed 54464K, reserved 1114112K
  class space    used 7264K, committed 7488K, reserved 1048576K
}
Event: 31.608 GC heap after
{Heap after GC invocations=27 (full 0):
 garbage-first heap   total 104448K, used 58368K [0x00000000a0000000, 0x0000000100000000)
  region size 1024K, 1 young (1024K), 1 survivors (1024K)
 Metaspace       used 53962K, committed 54464K, reserved 1114112K
  class space    used 7264K, committed 7488K, reserved 1048576K
}
Event: 32.504 GC heap before
{Heap before GC invocations=27 (full 0):
 garbage-first heap   total 104448K, used 76800K [0x00000000a0000000, 0x0000000100000000)
  region size 1024K, 19 young (19456K), 1 survivors (1024K)
 Metaspace       used 56538K, committed 57024K, reserved 1114112K
  class space    used 7575K, committed 7808K, reserved 1048576K
}
Event: 32.512 GC heap after
{Heap after GC invocations=28 (full 0):
 garbage-first heap   total 104448K, used 58916K [0x00000000a0000000, 0x0000000100000000)
  region size 1024K, 2 young (2048K), 2 survivors (2048K)
 Metaspace       used 56538K, committed 57024K, reserved 1114112K
  class space    used 7575K, committed 7808K, reserved 1048576K
}
Event: 33.761 GC heap before
{Heap before GC invocations=29 (full 0):
 garbage-first heap   total 104448K, used 76324K [0x00000000a0000000, 0x0000000100000000)
  region size 1024K, 20 young (20480K), 2 survivors (2048K)
 Metaspace       used 59063K, committed 59712K, reserved 1114112K
  class space    used 7927K, committed 8256K, reserved 1048576K
}
Event: 33.769 GC heap after
{Heap after GC invocations=30 (full 0):
 garbage-first heap   total 104448K, used 60737K [0x00000000a0000000, 0x0000000100000000)
  region size 1024K, 3 young (3072K), 3 survivors (3072K)
 Metaspace       used 59063K, committed 59712K, reserved 1114112K
  class space    used 7927K, committed 8256K, reserved 1048576K
}
Event: 34.431 GC heap before
{Heap before GC invocations=31 (full 0):
 garbage-first heap   total 133120K, used 84289K [0x00000000a0000000, 0x0000000100000000)
  region size 1024K, 20 young (20480K), 3 survivors (3072K)
 Metaspace       used 59636K, committed 60224K, reserved 1114112K
  class space    used 8024K, committed 8320K, reserved 1048576K
}
Event: 34.501 GC heap after
{Heap after GC invocations=32 (full 0):
 garbage-first heap   total 133120K, used 63003K [0x00000000a0000000, 0x0000000100000000)
  region size 1024K, 3 young (3072K), 3 survivors (3072K)
 Metaspace       used 59636K, committed 60224K, reserved 1114112K
  class space    used 8024K, committed 8320K, reserved 1048576K
}
Event: 35.976 GC heap before
{Heap before GC invocations=32 (full 0):
 garbage-first heap   total 133120K, used 93723K [0x00000000a0000000, 0x0000000100000000)
  region size 1024K, 33 young (33792K), 3 survivors (3072K)
 Metaspace       used 62057K, committed 62720K, reserved 1114112K
  class space    used 8316K, committed 8640K, reserved 1048576K
}
Event: 36.001 GC heap after
{Heap after GC invocations=33 (full 0):
 garbage-first heap   total 209920K, used 65155K [0x00000000a0000000, 0x0000000100000000)
  region size 1024K, 5 young (5120K), 5 survivors (5120K)
 Metaspace       used 62057K, committed 62720K, reserved 1114112K
  class space    used 8316K, committed 8640K, reserved 1048576K
}
Event: 38.956 GC heap before
{Heap before GC invocations=34 (full 0):
 garbage-first heap   total 209920K, used 137859K [0x00000000a0000000, 0x0000000100000000)
  region size 1024K, 75 young (76800K), 5 survivors (5120K)
 Metaspace       used 67040K, committed 67648K, reserved 1114112K
  class space    used 8942K, committed 9280K, reserved 1048576K
}
Event: 39.009 GC heap after
{Heap after GC invocations=35 (full 0):
 garbage-first heap   total 209920K, used 70467K [0x00000000a0000000, 0x0000000100000000)
  region size 1024K, 10 young (10240K), 10 survivors (10240K)
 Metaspace       used 67040K, committed 67648K, reserved 1114112K
  class space    used 8942K, committed 9280K, reserved 1048576K
}
Event: 39.039 GC heap before
{Heap before GC invocations=35 (full 0):
 garbage-first heap   total 209920K, used 71491K [0x00000000a0000000, 0x0000000100000000)
  region size 1024K, 11 young (11264K), 10 survivors (10240K)
 Metaspace       used 67154K, committed 67776K, reserved 1114112K
  class space    used 8958K, committed 9280K, reserved 1048576K
}
Event: 39.139 GC heap after
{Heap after GC invocations=36 (full 0):
 garbage-first heap   total 209920K, used 70699K [0x00000000a0000000, 0x0000000100000000)
  region size 1024K, 2 young (2048K), 2 survivors (2048K)
 Metaspace       used 67154K, committed 67776K, reserved 1114112K
  class space    used 8958K, committed 9280K, reserved 1048576K
}

