# JRE version: Java(TM) SE Runtime Environment (17.0.11+7) (build 17.0.11+7-LTS-207)
# Java VM: Java HotSpot(TM) 64-Bit Server VM (17.0.11+7-LTS-207, mixed mode, sharing, tiered, compressed oops, compressed class ptrs, g1 gc, windows-amd64)
GC Precious Log:
 CPUs: 4 total, 4 available
 Memory: 4010M
 Large Page Support: Disabled
 NUMA Support: Disabled
 Compressed Oops: Enabled (32-bit)
 Heap Region Size: 1M
 Heap Min Capacity: 8M
 Heap Initial Capacity: 64M
 Heap Max Capacity: 1536M
 Pre-touch: Disabled
 Parallel Workers: 4
 Concurrent Workers: 1
 Concurrent Refinement Workers: 4
 Periodic GC: Disabled
Heap:
 garbage-first heap   total 208896K, used 135609K [0x00000000a0000000, 0x0000000100000000)
  region size 1024K, 16 young (16384K), 6 survivors (6144K)
 Metaspace       used 96796K, committed 97536K, reserved 1179648K
  class space    used 12816K, committed 13184K, reserved 1048576K
GC Heap History (20 events):
Event: 33.858 GC heap before
{Heap before GC invocations=30 (full 0):
 garbage-first heap   total 104448K, used 62558K [0x00000000a0000000, 0x0000000100000000)
  region size 1024K, 5 young (5120K), 1 survivors (1024K)
 Metaspace       used 55038K, committed 55552K, reserved 1114112K
  class space    used 7325K, committed 7552K, reserved 1048576K
}
Event: 33.880 GC heap after
{Heap after GC invocations=31 (full 0):
 garbage-first heap   total 208896K, used 58215K [0x00000000a0000000, 0x0000000100000000)
  region size 1024K, 1 young (1024K), 1 survivors (1024K)
 Metaspace       used 55038K, committed 55552K, reserved 1114112K
  class space    used 7325K, committed 7552K, reserved 1048576K
}
Event: 37.544 GC heap before
{Heap before GC invocations=31 (full 0):
 garbage-first heap   total 208896K, used 142183K [0x00000000a0000000, 0x0000000100000000)
  region size 1024K, 77 young (78848K), 1 survivors (1024K)
 Metaspace       used 61911K, committed 62464K, reserved 1114112K
  class space    used 8239K, committed 8512K, reserved 1048576K
}
Event: 37.582 GC heap after
{Heap after GC invocations=32 (full 0):
 garbage-first heap   total 208896K, used 64435K [0x00000000a0000000, 0x0000000100000000)
  region size 1024K, 7 young (7168K), 7 survivors (7168K)
 Metaspace       used 61911K, committed 62464K, reserved 1114112K
  class space    used 8239K, committed 8512K, reserved 1048576K
}
Event: 41.000 GC heap before
{Heap before GC invocations=32 (full 0):
 garbage-first heap   total 208896K, used 152499K [0x00000000a0000000, 0x0000000100000000)
  region size 1024K, 93 young (95232K), 7 survivors (7168K)
 Metaspace       used 68627K, committed 69248K, reserved 1114112K
  class space    used 9249K, committed 9536K, reserved 1048576K
}
Event: 41.057 GC heap after
{Heap after GC invocations=33 (full 0):
 garbage-first heap   total 208896K, used 70038K [0x00000000a0000000, 0x0000000100000000)
  region size 1024K, 6 young (6144K), 6 survivors (6144K)
 Metaspace       used 68627K, committed 69248K, reserved 1114112K
  class space    used 9249K, committed 9536K, reserved 1048576K
}
Event: 45.125 GC heap before
{Heap before GC invocations=33 (full 0):
 garbage-first heap   total 208896K, used 159126K [0x00000000a0000000, 0x0000000100000000)
  region size 1024K, 93 young (95232K), 6 survivors (6144K)
 Metaspace       used 77201K, committed 77824K, reserved 1179648K
  class space    used 10567K, committed 10816K, reserved 1048576K
}
Event: 45.153 GC heap after
{Heap after GC invocations=34 (full 0):
 garbage-first heap   total 208896K, used 76189K [0x00000000a0000000, 0x0000000100000000)
  region size 1024K, 12 young (12288K), 12 survivors (12288K)
 Metaspace       used 77201K, committed 77824K, reserved 1179648K
  class space    used 10567K, committed 10816K, reserved 1048576K
}
Event: 48.356 GC heap before
{Heap before GC invocations=34 (full 0):
 garbage-first heap   total 208896K, used 161181K [0x00000000a0000000, 0x0000000100000000)
  region size 1024K, 96 young (98304K), 12 survivors (12288K)
 Metaspace       used 83078K, committed 83712K, reserved 1179648K
  class space    used 11448K, committed 11776K, reserved 1048576K
}
Event: 48.456 GC heap after
{Heap after GC invocations=35 (full 0):
 garbage-first heap   total 208896K, used 84291K [0x00000000a0000000, 0x0000000100000000)
  region size 1024K, 9 young (9216K), 9 survivors (9216K)
 Metaspace       used 83078K, committed 83712K, reserved 1179648K
  class space    used 11448K, committed 11776K, reserved 1048576K
}
Event: 55.684 GC heap before
{Heap before GC invocations=35 (full 0):
 garbage-first heap   total 208896K, used 163139K [0x00000000a0000000, 0x0000000100000000)
  region size 1024K, 87 young (89088K), 9 survivors (9216K)
 Metaspace       used 87124K, committed 87808K, reserved 1179648K
  class space    used 11855K, committed 12160K, reserved 1048576K
}
Event: 55.787 GC heap after
{Heap after GC invocations=36 (full 0):
 garbage-first heap   total 208896K, used 91550K [0x00000000a0000000, 0x0000000100000000)
  region size 1024K, 8 young (8192K), 8 survivors (8192K)
 Metaspace       used 87124K, committed 87808K, reserved 1179648K
  class space    used 11855K, committed 12160K, reserved 1048576K
}
Event: 59.350 GC heap before
{Heap before GC invocations=36 (full 0):
 garbage-first heap   total 208896K, used 147870K [0x00000000a0000000, 0x0000000100000000)
  region size 1024K, 61 young (62464K), 8 survivors (8192K)
 Metaspace       used 89284K, committed 89920K, reserved 1179648K
  class space    used 12039K, committed 12352K, reserved 1048576K
}
Event: 59.417 GC heap after
{Heap after GC invocations=37 (full 0):
 garbage-first heap   total 208896K, used 109333K [0x00000000a0000000, 0x0000000100000000)
  region size 1024K, 10 young (10240K), 10 survivors (10240K)
 Metaspace       used 89284K, committed 89920K, reserved 1179648K
  class space    used 12039K, committed 12352K, reserved 1048576K
}
Event: 65.192 GC heap before
{Heap before GC invocations=38 (full 0):
 garbage-first heap   total 208896K, used 165653K [0x00000000a0000000, 0x0000000100000000)
  region size 1024K, 60 young (61440K), 10 survivors (10240K)
 Metaspace       used 93424K, committed 94144K, reserved 1179648K
  class space    used 12529K, committed 12864K, reserved 1048576K
}
Event: 65.272 GC heap after
{Heap after GC invocations=39 (full 0):
 garbage-first heap   total 208896K, used 121856K [0x00000000a0000000, 0x0000000100000000)
  region size 1024K, 8 young (8192K), 8 survivors (8192K)
 Metaspace       used 93424K, committed 94144K, reserved 1179648K
  class space    used 12529K, committed 12864K, reserved 1048576K
}
Event: 65.518 GC heap before
{Heap before GC invocations=39 (full 0):
 garbage-first heap   total 208896K, used 136192K [0x00000000a0000000, 0x0000000100000000)
  region size 1024K, 10 young (10240K), 8 survivors (8192K)
 Metaspace       used 93614K, committed 94336K, reserved 1179648K
  class space    used 12542K, committed 12928K, reserved 1048576K
}
Event: 65.553 GC heap after
{Heap after GC invocations=40 (full 0):
 garbage-first heap   total 208896K, used 120211K [0x00000000a0000000, 0x0000000100000000)
  region size 1024K, 2 young (2048K), 2 survivors (2048K)
 Metaspace       used 93614K, committed 94336K, reserved 1179648K
  class space    used 12542K, committed 12928K, reserved 1048576K
}
Event: 66.409 GC heap before
{Heap before GC invocations=40 (full 0):
 garbage-first heap   total 208896K, used 163219K [0x00000000a0000000, 0x0000000100000000)
  region size 1024K, 45 young (46080K), 2 survivors (2048K)
 Metaspace       used 96687K, committed 97408K, reserved 1179648K
  class space    used 12812K, committed 13120K, reserved 1048576K
}
Event: 66.435 GC heap after
{Heap after GC invocations=41 (full 0):
 garbage-first heap   total 208896K, used 126393K [0x00000000a0000000, 0x0000000100000000)
  region size 1024K, 6 young (6144K), 6 survivors (6144K)
 Metaspace       used 96687K, committed 97408K, reserved 1179648K
  class space    used 12812K, committed 13120K, reserved 1048576K
}

