# JRE version: Java(TM) SE Runtime Environment (17.0.11+7) (build 17.0.11+7-LTS-207)
# Java VM: Java HotSpot(TM) 64-Bit Server VM (17.0.11+7-LTS-207, mixed mode, sharing, tiered, compressed oops, compressed class ptrs, g1 gc, windows-amd64)
GC Precious Log:
 CPUs: 4 total, 4 available
 Memory: 4010M
 Large Page Support: Disabled
 NUMA Support: Disabled
 Compressed Oops: Enabled (32-bit)
 Heap Region Size: 1M
 Heap Min Capacity: 8M
 Heap Initial Capacity: 64M
 Heap Max Capacity: 512M
 Pre-touch: Disabled
 Parallel Workers: 4
 Concurrent Workers: 1
 Concurrent Refinement Workers: 4
 Periodic GC: Disabled
Heap:
 garbage-first heap   total 104448K, used 65347K [0x00000000e0000000, 0x0000000100000000)
  region size 1024K, 2 young (2048K), 1 survivors (1024K)
 Metaspace       used 27565K, committed 28672K, reserved 1114112K
  class space    used 2699K, committed 3200K, reserved 1048576K
GC Heap History (20 events):
Event: 6.257 GC heap before
{Heap before GC invocations=0 (full 0):
 garbage-first heap   total 65536K, used 13312K [0x00000000e0000000, 0x0000000100000000)
  region size 1024K, 13 young (13312K), 0 survivors (0K)
 Metaspace       used 3382K, committed 3584K, reserved 1114112K
  class space    used 405K, committed 512K, reserved 1048576K
}
Event: 6.300 GC heap after
{Heap after GC invocations=1 (full 0):
 garbage-first heap   total 65536K, used 6580K [0x00000000e0000000, 0x0000000100000000)
  region size 1024K, 2 young (2048K), 2 survivors (2048K)
 Metaspace       used 3382K, committed 3584K, reserved 1114112K
  class space    used 405K, committed 512K, reserved 1048576K
}
Event: 8.683 GC heap before
{Heap before GC invocations=1 (full 0):
 garbage-first heap   total 65536K, used 11700K [0x00000000e0000000, 0x0000000100000000)
  region size 1024K, 8 young (8192K), 2 survivors (2048K)
 Metaspace       used 5681K, committed 5888K, reserved 1114112K
  class space    used 726K, committed 832K, reserved 1048576K
}
Event: 8.690 GC heap after
{Heap after GC invocations=2 (full 0):
 garbage-first heap   total 65536K, used 8097K [0x00000000e0000000, 0x0000000100000000)
  region size 1024K, 1 young (1024K), 1 survivors (1024K)
 Metaspace       used 5681K, committed 5888K, reserved 1114112K
  class space    used 726K, committed 832K, reserved 1048576K
}
Event: 11.561 GC heap before
{Heap before GC invocations=2 (full 0):
 garbage-first heap   total 65536K, used 31649K [0x00000000e0000000, 0x0000000100000000)
  region size 1024K, 18 young (18432K), 1 survivors (1024K)
 Metaspace       used 10526K, committed 10752K, reserved 1114112K
  class space    used 1303K, committed 1408K, reserved 1048576K
}
Event: 11.568 GC heap after
{Heap after GC invocations=3 (full 0):
 garbage-first heap   total 65536K, used 17408K [0x00000000e0000000, 0x0000000100000000)
  region size 1024K, 3 young (3072K), 3 survivors (3072K)
 Metaspace       used 10526K, committed 10752K, reserved 1114112K
  class space    used 1303K, committed 1408K, reserved 1048576K
}
Event: 14.046 GC heap before
{Heap before GC invocations=3 (full 0):
 garbage-first heap   total 65536K, used 45056K [0x00000000e0000000, 0x0000000100000000)
  region size 1024K, 25 young (25600K), 3 survivors (3072K)
 Metaspace       used 15064K, committed 15360K, reserved 1114112K
  class space    used 1656K, committed 1792K, reserved 1048576K
}
Event: 14.063 GC heap after
{Heap after GC invocations=4 (full 0):
 garbage-first heap   total 65536K, used 18432K [0x00000000e0000000, 0x0000000100000000)
  region size 1024K, 4 young (4096K), 4 survivors (4096K)
 Metaspace       used 15064K, committed 15360K, reserved 1114112K
  class space    used 1656K, committed 1792K, reserved 1048576K
}
Event: 16.979 GC heap before
{Heap before GC invocations=4 (full 0):
 garbage-first heap   total 65536K, used 40960K [0x00000000e0000000, 0x0000000100000000)
  region size 1024K, 26 young (26624K), 4 survivors (4096K)
 Metaspace       used 19495K, committed 20096K, reserved 1114112K
  class space    used 2127K, committed 2432K, reserved 1048576K
}
Event: 16.991 GC heap after
{Heap after GC invocations=5 (full 0):
 garbage-first heap   total 65536K, used 20976K [0x00000000e0000000, 0x0000000100000000)
  region size 1024K, 3 young (3072K), 3 survivors (3072K)
 Metaspace       used 19495K, committed 20096K, reserved 1114112K
  class space    used 2127K, committed 2432K, reserved 1048576K
}
Event: 17.653 GC heap before
{Heap before GC invocations=5 (full 0):
 garbage-first heap   total 65536K, used 25072K [0x00000000e0000000, 0x0000000100000000)
  region size 1024K, 9 young (9216K), 3 survivors (3072K)
 Metaspace       used 20787K, committed 21504K, reserved 1114112K
  class space    used 2226K, committed 2560K, reserved 1048576K
}
Event: 17.662 GC heap after
{Heap after GC invocations=6 (full 0):
 garbage-first heap   total 65536K, used 21526K [0x00000000e0000000, 0x0000000100000000)
  region size 1024K, 1 young (1024K), 1 survivors (1024K)
 Metaspace       used 20787K, committed 21504K, reserved 1114112K
  class space    used 2226K, committed 2560K, reserved 1048576K
}
Event: 26.721 GC heap before
{Heap before GC invocations=7 (full 0):
 garbage-first heap   total 65536K, used 49174K [0x00000000e0000000, 0x0000000100000000)
  region size 1024K, 24 young (24576K), 1 survivors (1024K)
 Metaspace       used 23135K, committed 23936K, reserved 1114112K
  class space    used 2373K, committed 2752K, reserved 1048576K
}
Event: 26.734 GC heap after
{Heap after GC invocations=8 (full 0):
 garbage-first heap   total 65536K, used 34263K [0x00000000e0000000, 0x0000000100000000)
  region size 1024K, 3 young (3072K), 3 survivors (3072K)
 Metaspace       used 23135K, committed 23936K, reserved 1114112K
  class space    used 2373K, committed 2752K, reserved 1048576K
}
Event: 27.701 GC heap before
{Heap before GC invocations=8 (full 0):
 garbage-first heap   total 65536K, used 35287K [0x00000000e0000000, 0x0000000100000000)
  region size 1024K, 6 young (6144K), 3 survivors (3072K)
 Metaspace       used 23177K, committed 23936K, reserved 1114112K
  class space    used 2377K, committed 2752K, reserved 1048576K
}
Event: 27.711 GC heap after
{Heap after GC invocations=9 (full 0):
 garbage-first heap   total 65536K, used 31151K [0x00000000e0000000, 0x0000000100000000)
  region size 1024K, 2 young (2048K), 2 survivors (2048K)
 Metaspace       used 23177K, committed 23936K, reserved 1114112K
  class space    used 2377K, committed 2752K, reserved 1048576K
}
Event: 29.823 GC heap before
{Heap before GC invocations=10 (full 0):
 garbage-first heap   total 104448K, used 72111K [0x00000000e0000000, 0x0000000100000000)
  region size 1024K, 13 young (13312K), 2 survivors (2048K)
 Metaspace       used 24482K, committed 25600K, reserved 1114112K
  class space    used 2547K, committed 3072K, reserved 1048576K
}
Event: 29.832 GC heap after
{Heap after GC invocations=11 (full 0):
 garbage-first heap   total 104448K, used 64512K [0x00000000e0000000, 0x0000000100000000)
  region size 1024K, 2 young (2048K), 2 survivors (2048K)
 Metaspace       used 24482K, committed 25600K, reserved 1114112K
  class space    used 2547K, committed 3072K, reserved 1048576K
}
Event: 30.611 GC heap before
{Heap before GC invocations=11 (full 0):
 garbage-first heap   total 104448K, used 76800K [0x00000000e0000000, 0x0000000100000000)
  region size 1024K, 15 young (15360K), 2 survivors (2048K)
 Metaspace       used 27535K, committed 28608K, reserved 1114112K
  class space    used 2697K, committed 3200K, reserved 1048576K
}
Event: 30.617 GC heap after
{Heap after GC invocations=12 (full 0):
 garbage-first heap   total 104448K, used 65347K [0x00000000e0000000, 0x0000000100000000)
  region size 1024K, 1 young (1024K), 1 survivors (1024K)
 Metaspace       used 27535K, committed 28608K, reserved 1114112K
  class space    used 2697K, committed 3200K, reserved 1048576K
}

